{"C:\\Users\\jrossi04\\marvel-app\\src\\App.jsx": {"path":"C:\\Users\\jrossi04\\marvel-app\\src\\App.jsx","statementMap":{"0":{"start":{"line":6,"column":15},"end":{"line":6,"column":42}},"1":{"start":{"line":9,"column":2},"end":{"line":11,"column":3}}},"fnMap":{"0":{"name":"App","decl":{"start":{"line":8,"column":9},"end":{"line":8,"column":12}},"loc":{"start":{"line":8,"column":15},"end":{"line":12,"column":1}},"line":8}},"branchMap":{},"s":{"0":0,"1":0},"f":{"0":0},"b":{}}
,"C:\\Users\\jrossi04\\marvel-app\\src\\Layout.jsx": {"path":"C:\\Users\\jrossi04\\marvel-app\\src\\Layout.jsx","statementMap":{"0":{"start":{"line":5,"column":15},"end":{"line":22,"column":1}},"1":{"start":{"line":6,"column":4},"end":{"line":21,"column":6}}},"fnMap":{"0":{"name":"(anonymous_0)","decl":{"start":{"line":5,"column":15},"end":{"line":5,"column":16}},"loc":{"start":{"line":5,"column":21},"end":{"line":22,"column":1}},"line":5}},"branchMap":{},"s":{"0":0,"1":0},"f":{"0":0},"b":{}}
,"C:\\Users\\jrossi04\\marvel-app\\src\\main.jsx": {"path":"C:\\Users\\jrossi04\\marvel-app\\src\\main.jsx","statementMap":{"0":{"start":{"line":6,"column":0},"end":{"line":10,"column":1}}},"fnMap":{},"branchMap":{},"s":{"0":0},"f":{},"b":{}}
,"C:\\Users\\jrossi04\\marvel-app\\src\\routes.jsx": {"path":"C:\\Users\\jrossi04\\marvel-app\\src\\routes.jsx","statementMap":{"0":{"start":{"line":9,"column":15},"end":{"line":30,"column":1}},"1":{"start":{"line":21,"column":38},"end":{"line":21,"column":65}},"2":{"start":{"line":22,"column":20},"end":{"line":24,"column":21}},"3":{"start":{"line":23,"column":24},"end":{"line":23,"column":83}},"4":{"start":{"line":25,"column":20},"end":{"line":25,"column":37}}},"fnMap":{"0":{"name":"(anonymous_0)","decl":{"start":{"line":20,"column":24},"end":{"line":20,"column":25}},"loc":{"start":{"line":20,"column":46},"end":{"line":26,"column":17}},"line":20}},"branchMap":{"0":{"loc":{"start":{"line":22,"column":20},"end":{"line":24,"column":21}},"type":"if","locations":[{"start":{"line":22,"column":20},"end":{"line":24,"column":21}},{"start":{},"end":{}}],"line":22}},"s":{"0":0,"1":0,"2":0,"3":0,"4":0},"f":{"0":0},"b":{"0":[0,0]}}
,"C:\\Users\\jrossi04\\marvel-app\\src\\api\\characters-api.js": {"path":"C:\\Users\\jrossi04\\marvel-app\\src\\api\\characters-api.js","statementMap":{"0":{"start":{"line":8,"column":4},"end":{"line":8,"column":22}},"1":{"start":{"line":17,"column":32},"end":{"line":23,"column":1}},"2":{"start":{"line":18,"column":22},"end":{"line":18,"column":73}},"3":{"start":{"line":18,"column":53},"end":{"line":18,"column":72}},"4":{"start":{"line":19,"column":4},"end":{"line":21,"column":5}},"5":{"start":{"line":20,"column":8},"end":{"line":20,"column":61}},"6":{"start":{"line":22,"column":4},"end":{"line":22,"column":21}}},"fnMap":{"0":{"name":"getCharacters","decl":{"start":{"line":7,"column":16},"end":{"line":7,"column":29}},"loc":{"start":{"line":7,"column":32},"end":{"line":9,"column":1}},"line":7},"1":{"name":"(anonymous_1)","decl":{"start":{"line":17,"column":32},"end":{"line":17,"column":33}},"loc":{"start":{"line":17,"column":40},"end":{"line":23,"column":1}},"line":17},"2":{"name":"(anonymous_2)","decl":{"start":{"line":18,"column":38},"end":{"line":18,"column":39}},"loc":{"start":{"line":18,"column":53},"end":{"line":18,"column":72}},"line":18}},"branchMap":{"0":{"loc":{"start":{"line":19,"column":4},"end":{"line":21,"column":5}},"type":"if","locations":[{"start":{"line":19,"column":4},"end":{"line":21,"column":5}},{"start":{},"end":{}}],"line":19}},"s":{"0":0,"1":0,"2":0,"3":0,"4":0,"5":0,"6":0},"f":{"0":0,"1":0,"2":0},"b":{"0":[0,0]}}
,"C:\\Users\\jrossi04\\marvel-app\\src\\components\\BlogPost.jsx": {"path":"C:\\Users\\jrossi04\\marvel-app\\src\\components\\BlogPost.jsx","statementMap":{"0":{"start":{"line":4,"column":19},"end":{"line":4,"column":30}},"1":{"start":{"line":6,"column":4},"end":{"line":10,"column":6}}},"fnMap":{"0":{"name":"BlogPost","decl":{"start":{"line":3,"column":24},"end":{"line":3,"column":32}},"loc":{"start":{"line":3,"column":35},"end":{"line":11,"column":1}},"line":3}},"branchMap":{},"s":{"0":0,"1":0},"f":{"0":0},"b":{}}
,"C:\\Users\\jrossi04\\marvel-app\\src\\components\\CharacterDetail.jsx": {"path":"C:\\Users\\jrossi04\\marvel-app\\src\\components\\CharacterDetail.jsx","statementMap":{"0":{"start":{"line":5,"column":24},"end":{"line":20,"column":1}},"1":{"start":{"line":6,"column":48},"end":{"line":6,"column":57}},"2":{"start":{"line":8,"column":4},"end":{"line":19,"column":6}}},"fnMap":{"0":{"name":"(anonymous_0)","decl":{"start":{"line":5,"column":24},"end":{"line":5,"column":25}},"loc":{"start":{"line":5,"column":43},"end":{"line":20,"column":1}},"line":5}},"branchMap":{"0":{"loc":{"start":{"line":10,"column":13},"end":{"line":15,"column":13}},"type":"binary-expr","locations":[{"start":{"line":10,"column":13},"end":{"line":10,"column":22}},{"start":{"line":11,"column":16},"end":{"line":14,"column":18}}],"line":10},"1":{"loc":{"start":{"line":16,"column":16},"end":{"line":16,"column":58}},"type":"binary-expr","locations":[{"start":{"line":16,"column":16},"end":{"line":16,"column":27}},{"start":{"line":16,"column":31},"end":{"line":16,"column":58}}],"line":16},"2":{"loc":{"start":{"line":17,"column":16},"end":{"line":17,"column":61}},"type":"binary-expr","locations":[{"start":{"line":17,"column":16},"end":{"line":17,"column":24}},{"start":{"line":17,"column":28},"end":{"line":17,"column":61}}],"line":17}},"s":{"0":0,"1":0,"2":0},"f":{"0":0},"b":{"0":[0,0],"1":[0,0],"2":[0,0]}}
,"C:\\Users\\jrossi04\\marvel-app\\src\\components\\CharactersList.jsx": {"path":"C:\\Users\\jrossi04\\marvel-app\\src\\components\\CharactersList.jsx","statementMap":{"0":{"start":{"line":5,"column":4},"end":{"line":17,"column":6}},"1":{"start":{"line":8,"column":16},"end":{"line":14,"column":21}}},"fnMap":{"0":{"name":"CharactersList","decl":{"start":{"line":4,"column":16},"end":{"line":4,"column":30}},"loc":{"start":{"line":4,"column":52},"end":{"line":18,"column":1}},"line":4},"1":{"name":"(anonymous_1)","decl":{"start":{"line":7,"column":28},"end":{"line":7,"column":29}},"loc":{"start":{"line":8,"column":16},"end":{"line":14,"column":21}},"line":8}},"branchMap":{"0":{"loc":{"start":{"line":4,"column":33},"end":{"line":4,"column":48}},"type":"default-arg","locations":[{"start":{"line":4,"column":46},"end":{"line":4,"column":48}}],"line":4}},"s":{"0":0,"1":0},"f":{"0":0,"1":0},"b":{"0":[0]}}
,"C:\\Users\\jrossi04\\marvel-app\\src\\components\\NumberOfCharacters.jsx": {"path":"C:\\Users\\jrossi04\\marvel-app\\src\\components\\NumberOfCharacters.jsx","statementMap":{"0":{"start":{"line":2,"column":16},"end":{"line":2,"column":33}},"1":{"start":{"line":4,"column":2},"end":{"line":8,"column":4}}},"fnMap":{"0":{"name":"NumberOfCharacters","decl":{"start":{"line":1,"column":16},"end":{"line":1,"column":34}},"loc":{"start":{"line":1,"column":54},"end":{"line":9,"column":1}},"line":1}},"branchMap":{"0":{"loc":{"start":{"line":1,"column":37},"end":{"line":1,"column":51}},"type":"default-arg","locations":[{"start":{"line":1,"column":49},"end":{"line":1,"column":51}}],"line":1},"1":{"loc":{"start":{"line":6,"column":7},"end":{"line":6,"column":97}},"type":"cond-expr","locations":[{"start":{"line":6,"column":19},"end":{"line":6,"column":71}},{"start":{"line":6,"column":74},"end":{"line":6,"column":97}}],"line":6},"2":{"loc":{"start":{"line":6,"column":49},"end":{"line":6,"column":69}},"type":"cond-expr","locations":[{"start":{"line":6,"column":61},"end":{"line":6,"column":64}},{"start":{"line":6,"column":67},"end":{"line":6,"column":69}}],"line":6}},"s":{"0":1,"1":1},"f":{"0":1},"b":{"0":[0],"1":[1,0],"2":[1,0]},"_coverageSchema":"1a1c01bbd47fc00a2c39e90264f33305004495a9","hash":"653a3d80e79bf7a0808dc29dcf5106e94c0b723b"}
,"C:\\Users\\jrossi04\\marvel-app\\src\\pages\\AboutPage.jsx": {"path":"C:\\Users\\jrossi04\\marvel-app\\src\\pages\\AboutPage.jsx","statementMap":{"0":{"start":{"line":3,"column":18},"end":{"line":17,"column":1}},"1":{"start":{"line":5,"column":4},"end":{"line":7,"column":11}},"2":{"start":{"line":6,"column":6},"end":{"line":6,"column":44}},"3":{"start":{"line":9,"column":2},"end":{"line":16,"column":4}}},"fnMap":{"0":{"name":"(anonymous_0)","decl":{"start":{"line":3,"column":18},"end":{"line":3,"column":19}},"loc":{"start":{"line":3,"column":24},"end":{"line":17,"column":1}},"line":3},"1":{"name":"(anonymous_1)","decl":{"start":{"line":5,"column":14},"end":{"line":5,"column":15}},"loc":{"start":{"line":5,"column":20},"end":{"line":7,"column":5}},"line":5}},"branchMap":{},"s":{"0":0,"1":0,"2":0,"3":0},"f":{"0":0,"1":0},"b":{}}
,"C:\\Users\\jrossi04\\marvel-app\\src\\pages\\CharacterDetailPage.jsx": {"path":"C:\\Users\\jrossi04\\marvel-app\\src\\pages\\CharacterDetailPage.jsx","statementMap":{"0":{"start":{"line":7,"column":28},"end":{"line":16,"column":1}},"1":{"start":{"line":8,"column":22},"end":{"line":8,"column":37}},"2":{"start":{"line":10,"column":4},"end":{"line":15,"column":6}}},"fnMap":{"0":{"name":"(anonymous_0)","decl":{"start":{"line":7,"column":28},"end":{"line":7,"column":29}},"loc":{"start":{"line":7,"column":34},"end":{"line":16,"column":1}},"line":7}},"branchMap":{},"s":{"0":0,"1":0,"2":0},"f":{"0":0},"b":{}}
,"C:\\Users\\jrossi04\\marvel-app\\src\\pages\\CharactersPage.jsx": {"path":"C:\\Users\\jrossi04\\marvel-app\\src\\pages\\CharactersPage.jsx","statementMap":{"0":{"start":{"line":10,"column":23},"end":{"line":10,"column":38}},"1":{"start":{"line":12,"column":4},"end":{"line":14,"column":11}},"2":{"start":{"line":13,"column":8},"end":{"line":13,"column":38}},"3":{"start":{"line":16,"column":4},"end":{"line":28,"column":6}},"4":{"start":{"line":21,"column":20},"end":{"line":23,"column":25}}},"fnMap":{"0":{"name":"CharactersPage","decl":{"start":{"line":9,"column":24},"end":{"line":9,"column":38}},"loc":{"start":{"line":9,"column":41},"end":{"line":29,"column":1}},"line":9},"1":{"name":"(anonymous_1)","decl":{"start":{"line":12,"column":14},"end":{"line":12,"column":15}},"loc":{"start":{"line":12,"column":20},"end":{"line":14,"column":5}},"line":12},"2":{"name":"(anonymous_2)","decl":{"start":{"line":20,"column":32},"end":{"line":20,"column":33}},"loc":{"start":{"line":21,"column":20},"end":{"line":23,"column":25}},"line":21}},"branchMap":{},"s":{"0":1,"1":1,"2":1,"3":1,"4":2},"f":{"0":1,"1":1,"2":2},"b":{},"_coverageSchema":"1a1c01bbd47fc00a2c39e90264f33305004495a9","hash":"44c0d4dcaefd3fb9f9b133b9247220e495033aea"}
,"C:\\Users\\jrossi04\\marvel-app\\src\\pages\\ContactPage.jsx": {"path":"C:\\Users\\jrossi04\\marvel-app\\src\\pages\\ContactPage.jsx","statementMap":{"0":{"start":{"line":3,"column":20},"end":{"line":18,"column":1}},"1":{"start":{"line":5,"column":2},"end":{"line":7,"column":9}},"2":{"start":{"line":6,"column":4},"end":{"line":6,"column":44}},"3":{"start":{"line":9,"column":2},"end":{"line":17,"column":4}}},"fnMap":{"0":{"name":"(anonymous_0)","decl":{"start":{"line":3,"column":20},"end":{"line":3,"column":21}},"loc":{"start":{"line":3,"column":26},"end":{"line":18,"column":1}},"line":3},"1":{"name":"(anonymous_1)","decl":{"start":{"line":5,"column":12},"end":{"line":5,"column":13}},"loc":{"start":{"line":5,"column":18},"end":{"line":7,"column":3}},"line":5}},"branchMap":{},"s":{"0":0,"1":0,"2":0,"3":0},"f":{"0":0,"1":0},"b":{}}
}
