TN:
SF:src\App.jsx
FN:8,App
FNF:1
FNH:0
FNDA:0,App
DA:6,0
DA:9,0
LF:2
LH:0
BRF:0
BRH:0
end_of_record
TN:
SF:src\Layout.jsx
FN:5,(anonymous_0)
FNF:1
FNH:0
FNDA:0,(anonymous_0)
DA:5,0
DA:6,0
LF:2
LH:0
BRF:0
BRH:0
end_of_record
TN:
SF:src\main.jsx
FNF:0
FNH:0
DA:6,0
LF:1
LH:0
BRF:0
BRH:0
end_of_record
TN:
SF:src\routes.jsx
FN:20,(anonymous_0)
FNF:1
FNH:0
FNDA:0,(anonymous_0)
DA:9,0
DA:21,0
DA:22,0
DA:23,0
DA:25,0
LF:5
LH:0
BRDA:22,0,0,0
BRDA:22,0,1,0
BRF:2
BRH:0
end_of_record
TN:
SF:src\api\characters-api.js
FN:7,getCharacters
FN:17,(anonymous_1)
FN:18,(anonymous_2)
FNF:3
FNH:0
FNDA:0,getCharacters
FNDA:0,(anonymous_1)
FNDA:0,(anonymous_2)
DA:8,0
DA:17,0
DA:18,0
DA:19,0
DA:20,0
DA:22,0
LF:6
LH:0
BRDA:19,0,0,0
BRDA:19,0,1,0
BRF:2
BRH:0
end_of_record
TN:
SF:src\components\BlogPost.jsx
FN:3,BlogPost
FNF:1
FNH:0
FNDA:0,BlogPost
DA:4,0
DA:6,0
LF:2
LH:0
BRF:0
BRH:0
end_of_record
TN:
SF:src\components\CharacterDetail.jsx
FN:5,(anonymous_0)
FNF:1
FNH:0
FNDA:0,(anonymous_0)
DA:5,0
DA:6,0
DA:8,0
LF:3
LH:0
BRDA:10,0,0,0
BRDA:10,0,1,0
BRDA:16,1,0,0
BRDA:16,1,1,0
BRDA:17,2,0,0
BRDA:17,2,1,0
BRF:6
BRH:0
end_of_record
TN:
SF:src\components\CharactersList.jsx
FN:4,CharactersList
FN:7,(anonymous_1)
FNF:2
FNH:0
FNDA:0,CharactersList
FNDA:0,(anonymous_1)
DA:5,0
DA:8,0
LF:2
LH:0
BRDA:4,0,0,0
BRF:1
BRH:0
end_of_record
TN:
SF:src\components\NumberOfCharacters.jsx
FN:1,NumberOfCharacters
FNF:1
FNH:1
FNDA:1,NumberOfCharacters
DA:2,1
DA:4,1
LF:2
LH:2
BRDA:1,0,0,0
BRDA:6,1,0,1
BRDA:6,1,1,0
BRDA:6,2,0,1
BRDA:6,2,1,0
BRF:5
BRH:2
end_of_record
TN:
SF:src\pages\AboutPage.jsx
FN:3,(anonymous_0)
FN:5,(anonymous_1)
FNF:2
FNH:0
FNDA:0,(anonymous_0)
FNDA:0,(anonymous_1)
DA:3,0
DA:5,0
DA:6,0
DA:9,0
LF:4
LH:0
BRF:0
BRH:0
end_of_record
TN:
SF:src\pages\CharacterDetailPage.jsx
FN:7,(anonymous_0)
FNF:1
FNH:0
FNDA:0,(anonymous_0)
DA:7,0
DA:8,0
DA:10,0
LF:3
LH:0
BRF:0
BRH:0
end_of_record
TN:
SF:src\pages\CharactersPage.jsx
FN:9,CharactersPage
FN:12,(anonymous_1)
FN:20,(anonymous_2)
FNF:3
FNH:3
FNDA:1,CharactersPage
FNDA:1,(anonymous_1)
FNDA:2,(anonymous_2)
DA:10,1
DA:12,1
DA:13,1
DA:16,1
DA:21,2
LF:5
LH:5
BRF:0
BRH:0
end_of_record
TN:
SF:src\pages\ContactPage.jsx
FN:3,(anonymous_0)
FN:5,(anonymous_1)
FNF:2
FNH:0
FNDA:0,(anonymous_0)
FNDA:0,(anonymous_1)
DA:3,0
DA:5,0
DA:6,0
DA:9,0
LF:4
LH:0
BRF:0
BRH:0
end_of_record
